#
# There is insufficient memory for the Java Runtime Environment to continue.
# Native memory allocation (mmap) failed to map 65536 bytes for Failed to commit metaspace.
# Possible reasons:
#   The system is out of physical RAM or swap space
#   The process is running with CompressedOops enabled, and the Java Heap may be blocking the growth of the native heap
# Possible solutions:
#   Reduce memory load on the system
#   Increase physical memory or swap space
#   Check if swap backing store is full
#   Decrease Java heap size (-Xmx/-Xms)
#   Decrease number of Java threads
#   Decrease Java thread stack sizes (-Xss)
#   Set larger code cache with -XX:ReservedCodeCacheSize=
#   JVM is running with Zero Based Compressed Oops mode in which the Java heap is
#     placed in the first 32GB address space. The Java Heap base address is the
#     maximum limit for the native heap growth. Please use -XX:HeapBaseMinAddress
#     to set the Java Heap base and to place the Java Heap above 32GB virtual address.
# This output file may be truncated or incomplete.
#
#  Out of Memory Error (virtualSpaceNode.cpp:110), pid=17760, tid=5236
#
# JRE version: Java(TM) SE Runtime Environment (17.0.6+9) (build 17.0.6+9-LTS-190)
# Java VM: Java HotSpot(TM) 64-Bit Server VM (17.0.6+9-LTS-190, mixed mode, sharing, tiered, compressed oops, compressed class ptrs, g1 gc, windows-amd64)
# No core dump will be written. Minidumps are not enabled by default on client versions of Windows
#

---------------  S U M M A R Y ------------

Command Line: -Dfile.encoding=UTF-8 --module-path=C:\Users\Ionut\OneDrive\Desktop\Programare\Proiecte-ISP\Projects-Ionut-Nicoara\Employee Management System\build\classes employee.management.system.RemoveEmployee

Host: Intel(R) Core(TM) i5-10300H CPU @ 2.50GHz, 8 cores, 15G,  Windows 10 , 64 bit Build 19041 (10.0.19041.3636)
Time: Tue Feb 13 17:31:57 2024 GTB, ors 10 , 64 bit Build 19041 (10.0.19041.3636) elapsed time: 0.344932 seconds (0d 0h 0m 0s)

---------------  T H R E A D  ---------------

Current thread (0x0000018d710b3360):  JavaThread "main" [_thread_in_vm, id=5236, stack(0x00000020dea00000,0x00000020deb00000)]

Stack: [0x00000020dea00000,0x00000020deb00000]
Native frames: (J=compiled Java code, j=interpreted, Vv=VM code, C=native code)
V  [jvm.dll+0x6734ea]
V  [jvm.dll+0x7d18f4]
V  [jvm.dll+0x7d309e]
V  [jvm.dll+0x7d3703]
V  [jvm.dll+0x2433c5]
V  [jvm.dll+0x7cd9fb]
V  [jvm.dll+0x619546]
V  [jvm.dll+0x1bdf07]
V  [jvm.dll+0x61bea0]
V  [jvm.dll+0x619f06]
V  [jvm.dll+0x238f21]
V  [jvm.dll+0x1e8437]
V  [jvm.dll+0x1de0d1]
V  [jvm.dll+0x5399dc]
V  [jvm.dll+0x74c638]
V  [jvm.dll+0x74c724]
V  [jvm.dll+0x4080bf]
V  [jvm.dll+0x40e0d9]
C  [java.dll+0x17ec]

Java frames: (J=compiled Java code, j=interpreted, Vv=VM code)
j  java.lang.ClassLoader.defineClass1(Ljava/lang/ClassLoader;Ljava/lang/String;[BIILjava/security/ProtectionDomain;Ljava/lang/String;)Ljava/lang/Class;+0 java.base@17.0.6
j  java.lang.ClassLoader.defineClass(Ljava/lang/String;[BIILjava/security/ProtectionDomain;)Ljava/lang/Class;+27 java.base@17.0.6
j  java.security.SecureClassLoader.defineClass(Ljava/lang/String;[BIILjava/security/CodeSource;)Ljava/lang/Class;+12 java.base@17.0.6
j  jdk.internal.loader.BuiltinClassLoader.defineClass(Ljava/lang/String;Ljdk/internal/loader/Resource;)Ljava/lang/Class;+117 java.base@17.0.6
j  jdk.internal.loader.BuiltinClassLoader.findClassOnClassPathOrNull(Ljava/lang/String;)Ljava/lang/Class;+37 java.base@17.0.6
J 635 c1 jdk.internal.loader.BuiltinClassLoader.loadClassOrNull(Ljava/lang/String;Z)Ljava/lang/Class; java.base@17.0.6 (143 bytes) @ 0x0000018d000e8054 [0x0000018d000e7140+0x0000000000000f14]
j  jdk.internal.loader.BuiltinClassLoader.loadClass(Ljava/lang/String;Z)Ljava/lang/Class;+3 java.base@17.0.6
j  jdk.internal.loader.ClassLoaders$AppClassLoader.loadClass(Ljava/lang/String;Z)Ljava/lang/Class;+36 java.base@17.0.6
j  java.lang.ClassLoader.loadClass(Ljava/lang/String;)Ljava/lang/Class;+3 java.base@17.0.6
v  ~StubRoutines::call_stub
j  com.mysql.cj.conf.PropertyDefinitions.<clinit>()V+5825
v  ~StubRoutines::call_stub
j  com.mysql.cj.conf.DefaultPropertySet.<init>()V+26
j  com.mysql.cj.jdbc.JdbcPropertySetImpl.<init>()V+1
j  com.mysql.cj.jdbc.ConnectionImpl.<init>(Lcom/mysql/cj/conf/HostInfo;)V+143
j  com.mysql.cj.jdbc.ConnectionImpl.getInstance(Lcom/mysql/cj/conf/HostInfo;)Lcom/mysql/cj/jdbc/JdbcConnection;+5
j  com.mysql.cj.jdbc.NonRegisteringDriver.connect(Ljava/lang/String;Ljava/util/Properties;)Ljava/sql/Connection;+72
j  java.sql.DriverManager.getConnection(Ljava/lang/String;Ljava/util/Properties;Ljava/lang/Class;)Ljava/sql/Connection;+131 java.sql@17.0.6
j  java.sql.DriverManager.getConnection(Ljava/lang/String;Ljava/lang/String;Ljava/lang/String;)Ljava/sql/Connection;+37 java.sql@17.0.6
j  employee.management.system.Conn.<init>()V+17
j  employee.management.system.RemoveEmployee.<init>()V+88
j  employee.management.system.RemoveEmployee.main([Ljava/lang/String;)V+4
v  ~StubRoutines::call_stub

---------------  P R O C E S S  ---------------

Threads class SMR info:
_java_thread_list=0x0000018d152eb120, length=17, elements={
0x0000018d710b3360, 0x0000018d7edea1a0, 0x0000018d7edece30, 0x0000018d7ee01690,
0x0000018d7ee01f50, 0x0000018d7ee02810, 0x0000018d7ee030d0, 0x0000018d7ee096a0,
0x0000018d7ee11c70, 0x0000018d7f820090, 0x0000018d7f8e04a0, 0x0000018d7f9820d0,
0x0000018d7fb433f0, 0x0000018d7fb438c0, 0x0000018d7fb8d6d0, 0x0000018d154532e0,
0x0000018d154a4700
}

Java Threads: ( => current thread )
=>0x0000018d710b3360 JavaThread "main" [_thread_in_vm, id=5236, stack(0x00000020dea00000,0x00000020deb00000)]
  0x0000018d7edea1a0 JavaThread "Reference Handler" daemon [_thread_blocked, id=21044, stack(0x00000020df100000,0x00000020df200000)]
  0x0000018d7edece30 JavaThread "Finalizer" daemon [_thread_blocked, id=21024, stack(0x00000020df200000,0x00000020df300000)]
  0x0000018d7ee01690 JavaThread "Signal Dispatcher" daemon [_thread_blocked, id=22280, stack(0x00000020df300000,0x00000020df400000)]
  0x0000018d7ee01f50 JavaThread "Attach Listener" daemon [_thread_blocked, id=7280, stack(0x00000020df400000,0x00000020df500000)]
  0x0000018d7ee02810 JavaThread "Service Thread" daemon [_thread_blocked, id=19740, stack(0x00000020df500000,0x00000020df600000)]
  0x0000018d7ee030d0 JavaThread "Monitor Deflation Thread" daemon [_thread_blocked, id=5800, stack(0x00000020df600000,0x00000020df700000)]
  0x0000018d7ee096a0 JavaThread "C2 CompilerThread0" daemon [_thread_blocked, id=11980, stack(0x00000020df700000,0x00000020df800000)]
  0x0000018d7ee11c70 JavaThread "C1 CompilerThread0" daemon [_thread_blocked, id=13968, stack(0x00000020df800000,0x00000020df900000)]
  0x0000018d7f820090 JavaThread "Sweeper thread" daemon [_thread_blocked, id=9076, stack(0x00000020df900000,0x00000020dfa00000)]
  0x0000018d7f8e04a0 JavaThread "Common-Cleaner" daemon [_thread_blocked, id=22304, stack(0x00000020dfa00000,0x00000020dfb00000)]
  0x0000018d7f9820d0 JavaThread "Notification Thread" daemon [_thread_blocked, id=15712, stack(0x00000020dfb00000,0x00000020dfc00000)]
  0x0000018d7fb433f0 JavaThread "Java2D Disposer" daemon [_thread_blocked, id=22284, stack(0x00000020dfe00000,0x00000020dff00000)]
  0x0000018d7fb438c0 JavaThread "AWT-Shutdown" [_thread_blocked, id=7856, stack(0x00000020dff00000,0x00000020e0000000)]
  0x0000018d7fb8d6d0 JavaThread "AWT-Windows" daemon [_thread_in_native, id=22392, stack(0x00000020e0000000,0x00000020e0100000)]
  0x0000018d154532e0 JavaThread "mysql-cj-abandoned-connection-cleanup" daemon [_thread_blocked, id=14712, stack(0x00000020dfd00000,0x00000020dfe00000)]
  0x0000018d154a4700 JavaThread "C2 CompilerThread1" daemon [_thread_blocked, id=4044, stack(0x00000020e0300000,0x00000020e0400000)]

Other Threads:
  0x0000018d7ede3680 VMThread "VM Thread" [stack: 0x00000020df000000,0x00000020df100000] [id=21720]
  0x0000018d711385a0 WatcherThread [stack: 0x00000020dfc00000,0x00000020dfd00000] [id=19980]
  0x0000018d7111e7b0 GCTaskThread "GC Thread#0" [stack: 0x00000020deb00000,0x00000020dec00000] [id=15296]
  0x0000018d71130390 ConcurrentGCThread "G1 Main Marker" [stack: 0x00000020dec00000,0x00000020ded00000] [id=11312]
  0x0000018d71131450 ConcurrentGCThread "G1 Conc#0" [stack: 0x00000020ded00000,0x00000020dee00000] [id=10196]
  0x0000018d7eca40e0 ConcurrentGCThread "G1 Refine#0" [stack: 0x00000020dee00000,0x00000020def00000] [id=22376]
  0x0000018d7eca4a10 ConcurrentGCThread "G1 Service" [stack: 0x00000020def00000,0x00000020df000000] [id=4224]

Threads with active compile tasks:

VM state: not at safepoint (normal execution)

VM Mutex/Monitor currently owned by a thread:  ([mutex/lock_event])
[0x0000018d710ab7e0] Metaspace_lock - owner thread: 0x0000018d710b3360

Heap address: 0x0000000702800000, size: 4056 MB, Compressed Oops mode: Zero based, Oop shift amount: 3

CDS archive(s) mapped at: [0x0000000800000000-0x0000000800bd0000-0x0000000800bd0000), size 12386304, SharedBaseAddress: 0x0000000800000000, ArchiveRelocationMode: 0.
Compressed class space mapped at: 0x0000000800c00000-0x0000000840c00000, reserved size: 1073741824
Narrow klass base: 0x0000000800000000, Narrow klass shift: 0, Narrow klass range: 0x100000000

GC Precious Log:
 CPUs: 8 total, 8 available
 Memory: 16221M
 Large Page Support: Disabled
 NUMA Support: Disabled
 Compressed Oops: Enabled (Zero based)
 Heap Region Size: 2M
 Heap Min Capacity: 8M
 Heap Initial Capacity: 254M
 Heap Max Capacity: 4056M
 Pre-touch: Disabled
 Parallel Workers: 8
 Concurrent Workers: 2
 Concurrent Refinement Workers: 8
 Periodic GC: Disabled

Heap:
 garbage-first heap   total 260096K, used 8192K [0x0000000702800000, 0x0000000800000000)
  region size 2048K, 5 young (10240K), 0 survivors (0K)
 Metaspace       used 5550K, committed 5760K, reserved 1056768K
  class space    used 589K, committed 704K, reserved 1048576K

Heap Regions: E=young(eden), S=young(survivor), O=old, HS=humongous(starts), HC=humongous(continues), CS=collection set, F=free, OA=open archive, CA=closed archive, TAMS=top-at-mark-start (previous, next)
|   0|0x0000000702800000, 0x0000000702800000, 0x0000000702a00000|  0%| F|  |TAMS 0x0000000702800000, 0x0000000702800000| Untracked 
|   1|0x0000000702a00000, 0x0000000702a00000, 0x0000000702c00000|  0%| F|  |TAMS 0x0000000702a00000, 0x0000000702a00000| Untracked 
|   2|0x0000000702c00000, 0x0000000702c00000, 0x0000000702e00000|  0%| F|  |TAMS 0x0000000702c00000, 0x0000000702c00000| Untracked 
|   3|0x0000000702e00000, 0x0000000702e00000, 0x0000000703000000|  0%| F|  |TAMS 0x0000000702e00000, 0x0000000702e00000| Untracked 
|   4|0x0000000703000000, 0x0000000703000000, 0x0000000703200000|  0%| F|  |TAMS 0x0000000703000000, 0x0000000703000000| Untracked 
|   5|0x0000000703200000, 0x0000000703200000, 0x0000000703400000|  0%| F|  |TAMS 0x0000000703200000, 0x0000000703200000| Untracked 
|   6|0x0000000703400000, 0x0000000703400000, 0x0000000703600000|  0%| F|  |TAMS 0x0000000703400000, 0x0000000703400000| Untracked 
|   7|0x0000000703600000, 0x0000000703600000, 0x0000000703800000|  0%| F|  |TAMS 0x0000000703600000, 0x0000000703600000| Untracked 
|   8|0x0000000703800000, 0x0000000703800000, 0x0000000703a00000|  0%| F|  |TAMS 0x0000000703800000, 0x0000000703800000| Untracked 
|   9|0x0000000703a00000, 0x0000000703a00000, 0x0000000703c00000|  0%| F|  |TAMS 0x0000000703a00000, 0x0000000703a00000| Untracked 
|  10|0x0000000703c00000, 0x0000000703c00000, 0x0000000703e00000|  0%| F|  |TAMS 0x0000000703c00000, 0x0000000703c00000| Untracked 
|  11|0x0000000703e00000, 0x0000000703e00000, 0x0000000704000000|  0%| F|  |TAMS 0x0000000703e00000, 0x0000000703e00000| Untracked 
|  12|0x0000000704000000, 0x0000000704000000, 0x0000000704200000|  0%| F|  |TAMS 0x0000000704000000, 0x0000000704000000| Untracked 
|  13|0x0000000704200000, 0x0000000704200000, 0x0000000704400000|  0%| F|  |TAMS 0x0000000704200000, 0x0000000704200000| Untracked 
|  14|0x0000000704400000, 0x0000000704400000, 0x0000000704600000|  0%| F|  |TAMS 0x0000000704400000, 0x0000000704400000| Untracked 
|  15|0x0000000704600000, 0x0000000704600000, 0x0000000704800000|  0%| F|  |TAMS 0x0000000704600000, 0x0000000704600000| Untracked 
|  16|0x0000000704800000, 0x0000000704800000, 0x0000000704a00000|  0%| F|  |TAMS 0x0000000704800000, 0x0000000704800000| Untracked 
|  17|0x0000000704a00000, 0x0000000704a00000, 0x0000000704c00000|  0%| F|  |TAMS 0x0000000704a00000, 0x0000000704a00000| Untracked 
|  18|0x0000000704c00000, 0x0000000704c00000, 0x0000000704e00000|  0%| F|  |TAMS 0x0000000704c00000, 0x0000000704c00000| Untracked 
|  19|0x0000000704e00000, 0x0000000704e00000, 0x0000000705000000|  0%| F|  |TAMS 0x0000000704e00000, 0x0000000704e00000| Untracked 
|  20|0x0000000705000000, 0x0000000705000000, 0x0000000705200000|  0%| F|  |TAMS 0x0000000705000000, 0x0000000705000000| Untracked 
|  21|0x0000000705200000, 0x0000000705200000, 0x0000000705400000|  0%| F|  |TAMS 0x0000000705200000, 0x0000000705200000| Untracked 
|  22|0x0000000705400000, 0x0000000705400000, 0x0000000705600000|  0%| F|  |TAMS 0x0000000705400000, 0x0000000705400000| Untracked 
|  23|0x0000000705600000, 0x0000000705600000, 0x0000000705800000|  0%| F|  |TAMS 0x0000000705600000, 0x0000000705600000| Untracked 
|  24|0x0000000705800000, 0x0000000705800000, 0x0000000705a00000|  0%| F|  |TAMS 0x0000000705800000, 0x0000000705800000| Untracked 
|  25|0x0000000705a00000, 0x0000000705a00000, 0x0000000705c00000|  0%| F|  |TAMS 0x0000000705a00000, 0x0000000705a00000| Untracked 
|  26|0x0000000705c00000, 0x0000000705c00000, 0x0000000705e00000|  0%| F|  |TAMS 0x0000000705c00000, 0x0000000705c00000| Untracked 
|  27|0x0000000705e00000, 0x0000000705e00000, 0x0000000706000000|  0%| F|  |TAMS 0x0000000705e00000, 0x0000000705e00000| Untracked 
|  28|0x0000000706000000, 0x0000000706000000, 0x0000000706200000|  0%| F|  |TAMS 0x0000000706000000, 0x0000000706000000| Untracked 
|  29|0x0000000706200000, 0x0000000706200000, 0x0000000706400000|  0%| F|  |TAMS 0x0000000706200000, 0x0000000706200000| Untracked 
|  30|0x0000000706400000, 0x0000000706400000, 0x0000000706600000|  0%| F|  |TAMS 0x0000000706400000, 0x0000000706400000| Untracked 
|  31|0x0000000706600000, 0x0000000706600000, 0x0000000706800000|  0%| F|  |TAMS 0x0000000706600000, 0x0000000706600000| Untracked 
|  32|0x0000000706800000, 0x0000000706800000, 0x0000000706a00000|  0%| F|  |TAMS 0x0000000706800000, 0x0000000706800000| Untracked 
|  33|0x0000000706a00000, 0x0000000706a00000, 0x0000000706c00000|  0%| F|  |TAMS 0x0000000706a00000, 0x0000000706a00000| Untracked 
|  34|0x0000000706c00000, 0x0000000706c00000, 0x0000000706e00000|  0%| F|  |TAMS 0x0000000706c00000, 0x0000000706c00000| Untracked 
|  35|0x0000000706e00000, 0x0000000706e00000, 0x0000000707000000|  0%| F|  |TAMS 0x0000000706e00000, 0x0000000706e00000| Untracked 
|  36|0x0000000707000000, 0x0000000707000000, 0x0000000707200000|  0%| F|  |TAMS 0x0000000707000000, 0x0000000707000000| Untracked 
|  37|0x0000000707200000, 0x0000000707200000, 0x0000000707400000|  0%| F|  |TAMS 0x0000000707200000, 0x0000000707200000| Untracked 
|  38|0x0000000707400000, 0x0000000707400000, 0x0000000707600000|  0%| F|  |TAMS 0x0000000707400000, 0x0000000707400000| Untracked 
|  39|0x0000000707600000, 0x0000000707600000, 0x0000000707800000|  0%| F|  |TAMS 0x0000000707600000, 0x0000000707600000| Untracked 
|  40|0x0000000707800000, 0x0000000707800000, 0x0000000707a00000|  0%| F|  |TAMS 0x0000000707800000, 0x0000000707800000| Untracked 
|  41|0x0000000707a00000, 0x0000000707a00000, 0x0000000707c00000|  0%| F|  |TAMS 0x0000000707a00000, 0x0000000707a00000| Untracked 
|  42|0x0000000707c00000, 0x0000000707c00000, 0x0000000707e00000|  0%| F|  |TAMS 0x0000000707c00000, 0x0000000707c00000| Untracked 
|  43|0x0000000707e00000, 0x0000000707e00000, 0x0000000708000000|  0%| F|  |TAMS 0x0000000707e00000, 0x0000000707e00000| Untracked 
|  44|0x0000000708000000, 0x0000000708000000, 0x0000000708200000|  0%| F|  |TAMS 0x0000000708000000, 0x0000000708000000| Untracked 
|  45|0x0000000708200000, 0x0000000708200000, 0x0000000708400000|  0%| F|  |TAMS 0x0000000708200000, 0x0000000708200000| Untracked 
|  46|0x0000000708400000, 0x0000000708400000, 0x0000000708600000|  0%| F|  |TAMS 0x0000000708400000, 0x0000000708400000| Untracked 
|  47|0x0000000708600000, 0x0000000708600000, 0x0000000708800000|  0%| F|  |TAMS 0x0000000708600000, 0x0000000708600000| Untracked 
|  48|0x0000000708800000, 0x0000000708800000, 0x0000000708a00000|  0%| F|  |TAMS 0x0000000708800000, 0x0000000708800000| Untracked 
|  49|0x0000000708a00000, 0x0000000708a00000, 0x0000000708c00000|  0%| F|  |TAMS 0x0000000708a00000, 0x0000000708a00000| Untracked 
|  50|0x0000000708c00000, 0x0000000708c00000, 0x0000000708e00000|  0%| F|  |TAMS 0x0000000708c00000, 0x0000000708c00000| Untracked 
|  51|0x0000000708e00000, 0x0000000708e00000, 0x0000000709000000|  0%| F|  |TAMS 0x0000000708e00000, 0x0000000708e00000| Untracked 
|  52|0x0000000709000000, 0x0000000709000000, 0x0000000709200000|  0%| F|  |TAMS 0x0000000709000000, 0x0000000709000000| Untracked 
|  53|0x0000000709200000, 0x0000000709200000, 0x0000000709400000|  0%| F|  |TAMS 0x0000000709200000, 0x0000000709200000| Untracked 
|  54|0x0000000709400000, 0x0000000709400000, 0x0000000709600000|  0%| F|  |TAMS 0x0000000709400000, 0x0000000709400000| Untracked 
|  55|0x0000000709600000, 0x0000000709600000, 0x0000000709800000|  0%| F|  |TAMS 0x0000000709600000, 0x0000000709600000| Untracked 
|  56|0x0000000709800000, 0x0000000709800000, 0x0000000709a00000|  0%| F|  |TAMS 0x0000000709800000, 0x0000000709800000| Untracked 
|  57|0x0000000709a00000, 0x0000000709a00000, 0x0000000709c00000|  0%| F|  |TAMS 0x0000000709a00000, 0x0000000709a00000| Untracked 
|  58|0x0000000709c00000, 0x0000000709c00000, 0x0000000709e00000|  0%| F|  |TAMS 0x0000000709c00000, 0x0000000709c00000| Untracked 
|  59|0x0000000709e00000, 0x0000000709e00000, 0x000000070a000000|  0%| F|  |TAMS 0x0000000709e00000, 0x0000000709e00000| Untracked 
|  60|0x000000070a000000, 0x000000070a000000, 0x000000070a200000|  0%| F|  |TAMS 0x000000070a000000, 0x000000070a000000| Untracked 
|  61|0x000000070a200000, 0x000000070a200000, 0x000000070a400000|  0%| F|  |TAMS 0x000000070a200000, 0x000000070a200000| Untracked 
|  62|0x000000070a400000, 0x000000070a400000, 0x000000070a600000|  0%| F|  |TAMS 0x000000070a400000, 0x000000070a400000| Untracked 
|  63|0x000000070a600000, 0x000000070a600000, 0x000000070a800000|  0%| F|  |TAMS 0x000000070a600000, 0x000000070a600000| Untracked 
|  64|0x000000070a800000, 0x000000070a800000, 0x000000070aa00000|  0%| F|  |TAMS 0x000000070a800000, 0x000000070a800000| Untracked 
|  65|0x000000070aa00000, 0x000000070aa00000, 0x000000070ac00000|  0%| F|  |TAMS 0x000000070aa00000, 0x000000070aa00000| Untracked 
|  66|0x000000070ac00000, 0x000000070ac00000, 0x000000070ae00000|  0%| F|  |TAMS 0x000000070ac00000, 0x000000070ac00000| Untracked 
|  67|0x000000070ae00000, 0x000000070ae00000, 0x000000070b000000|  0%| F|  |TAMS 0x000000070ae00000, 0x000000070ae00000| Untracked 
|  68|0x000000070b000000, 0x000000070b000000, 0x000000070b200000|  0%| F|  |TAMS 0x000000070b000000, 0x000000070b000000| Untracked 
|  69|0x000000070b200000, 0x000000070b200000, 0x000000070b400000|  0%| F|  |TAMS 0x000000070b200000, 0x000000070b200000| Untracked 
|  70|0x000000070b400000, 0x000000070b400000, 0x000000070b600000|  0%| F|  |TAMS 0x000000070b400000, 0x000000070b400000| Untracked 
|  71|0x000000070b600000, 0x000000070b600000, 0x000000070b800000|  0%| F|  |TAMS 0x000000070b600000, 0x000000070b600000| Untracked 
|  72|0x000000070b800000, 0x000000070b800000, 0x000000070ba00000|  0%| F|  |TAMS 0x000000070b800000, 0x000000070b800000| Untracked 
|  73|0x000000070ba00000, 0x000000070ba00000, 0x000000070bc00000|  0%| F|  |TAMS 0x000000070ba00000, 0x000000070ba00000| Untracked 
|  74|0x000000070bc00000, 0x000000070bc00000, 0x000000070be00000|  0%| F|  |TAMS 0x000000070bc00000, 0x000000070bc00000| Untracked 
|  75|0x000000070be00000, 0x000000070be00000, 0x000000070c000000|  0%| F|  |TAMS 0x000000070be00000, 0x000000070be00000| Untracked 
|  76|0x000000070c000000, 0x000000070c000000, 0x000000070c200000|  0%| F|  |TAMS 0x000000070c000000, 0x000000070c000000| Untracked 
|  77|0x000000070c200000, 0x000000070c200000, 0x000000070c400000|  0%| F|  |TAMS 0x000000070c200000, 0x000000070c200000| Untracked 
|  78|0x000000070c400000, 0x000000070c400000, 0x000000070c600000|  0%| F|  |TAMS 0x000000070c400000, 0x000000070c400000| Untracked 
|  79|0x000000070c600000, 0x000000070c600000, 0x000000070c800000|  0%| F|  |TAMS 0x000000070c600000, 0x000000070c600000| Untracked 
|  80|0x000000070c800000, 0x000000070c800000, 0x000000070ca00000|  0%| F|  |TAMS 0x000000070c800000, 0x000000070c800000| Untracked 
|  81|0x000000070ca00000, 0x000000070ca00000, 0x000000070cc00000|  0%| F|  |TAMS 0x000000070ca00000, 0x000000070ca00000| Untracked 
|  82|0x000000070cc00000, 0x000000070cc00000, 0x000000070ce00000|  0%| F|  |TAMS 0x000000070cc00000, 0x000000070cc00000| Untracked 
|  83|0x000000070ce00000, 0x000000070ce00000, 0x000000070d000000|  0%| F|  |TAMS 0x000000070ce00000, 0x000000070ce00000| Untracked 
|  84|0x000000070d000000, 0x000000070d000000, 0x000000070d200000|  0%| F|  |TAMS 0x000000070d000000, 0x000000070d000000| Untracked 
|  85|0x000000070d200000, 0x000000070d200000, 0x000000070d400000|  0%| F|  |TAMS 0x000000070d200000, 0x000000070d200000| Untracked 
|  86|0x000000070d400000, 0x000000070d400000, 0x000000070d600000|  0%| F|  |TAMS 0x000000070d400000, 0x000000070d400000| Untracked 
|  87|0x000000070d600000, 0x000000070d600000, 0x000000070d800000|  0%| F|  |TAMS 0x000000070d600000, 0x000000070d600000| Untracked 
|  88|0x000000070d800000, 0x000000070d800000, 0x000000070da00000|  0%| F|  |TAMS 0x000000070d800000, 0x000000070d800000| Untracked 
|  89|0x000000070da00000, 0x000000070da00000, 0x000000070dc00000|  0%| F|  |TAMS 0x000000070da00000, 0x000000070da00000| Untracked 
|  90|0x000000070dc00000, 0x000000070dc00000, 0x000000070de00000|  0%| F|  |TAMS 0x000000070dc00000, 0x000000070dc00000| Untracked 
|  91|0x000000070de00000, 0x000000070de00000, 0x000000070e000000|  0%| F|  |TAMS 0x000000070de00000, 0x000000070de00000| Untracked 
|  92|0x000000070e000000, 0x000000070e000000, 0x000000070e200000|  0%| F|  |TAMS 0x000000070e000000, 0x000000070e000000| Untracked 
|  93|0x000000070e200000, 0x000000070e200000, 0x000000070e400000|  0%| F|  |TAMS 0x000000070e200000, 0x000000070e200000| Untracked 
|  94|0x000000070e400000, 0x000000070e400000, 0x000000070e600000|  0%| F|  |TAMS 0x000000070e400000, 0x000000070e400000| Untracked 
|  95|0x000000070e600000, 0x000000070e600000, 0x000000070e800000|  0%| F|  |TAMS 0x000000070e600000, 0x000000070e600000| Untracked 
|  96|0x000000070e800000, 0x000000070e800000, 0x000000070ea00000|  0%| F|  |TAMS 0x000000070e800000, 0x000000070e800000| Untracked 
|  97|0x000000070ea00000, 0x000000070ea00000, 0x000000070ec00000|  0%| F|  |TAMS 0x000000070ea00000, 0x000000070ea00000| Untracked 
|  98|0x000000070ec00000, 0x000000070ec00000, 0x000000070ee00000|  0%| F|  |TAMS 0x000000070ec00000, 0x000000070ec00000| Untracked 
|  99|0x000000070ee00000, 0x000000070ee00000, 0x000000070f000000|  0%| F|  |TAMS 0x000000070ee00000, 0x000000070ee00000| Untracked 
| 100|0x000000070f000000, 0x000000070f000000, 0x000000070f200000|  0%| F|  |TAMS 0x000000070f000000, 0x000000070f000000| Untracked 
| 101|0x000000070f200000, 0x000000070f200000, 0x000000070f400000|  0%| F|  |TAMS 0x000000070f200000, 0x000000070f200000| Untracked 
| 102|0x000000070f400000, 0x000000070f400000, 0x000000070f600000|  0%| F|  |TAMS 0x000000070f400000, 0x000000070f400000| Untracked 
| 103|0x000000070f600000, 0x000000070f600000, 0x000000070f800000|  0%| F|  |TAMS 0x000000070f600000, 0x000000070f600000| Untracked 
| 104|0x000000070f800000, 0x000000070f800000, 0x000000070fa00000|  0%| F|  |TAMS 0x000000070f800000, 0x000000070f800000| Untracked 
| 105|0x000000070fa00000, 0x000000070fa00000, 0x000000070fc00000|  0%| F|  |TAMS 0x000000070fa00000, 0x000000070fa00000| Untracked 
| 106|0x000000070fc00000, 0x000000070fc00000, 0x000000070fe00000|  0%| F|  |TAMS 0x000000070fc00000, 0x000000070fc00000| Untracked 
| 107|0x000000070fe00000, 0x000000070fe00000, 0x0000000710000000|  0%| F|  |TAMS 0x000000070fe00000, 0x000000070fe00000| Untracked 
| 108|0x0000000710000000, 0x0000000710000000, 0x0000000710200000|  0%| F|  |TAMS 0x0000000710000000, 0x0000000710000000| Untracked 
| 109|0x0000000710200000, 0x0000000710200000, 0x0000000710400000|  0%| F|  |TAMS 0x0000000710200000, 0x0000000710200000| Untracked 
| 110|0x0000000710400000, 0x0000000710400000, 0x0000000710600000|  0%| F|  |TAMS 0x0000000710400000, 0x0000000710400000| Untracked 
| 111|0x0000000710600000, 0x0000000710600000, 0x0000000710800000|  0%| F|  |TAMS 0x0000000710600000, 0x0000000710600000| Untracked 
| 112|0x0000000710800000, 0x0000000710800000, 0x0000000710a00000|  0%| F|  |TAMS 0x0000000710800000, 0x0000000710800000| Untracked 
| 113|0x0000000710a00000, 0x0000000710a00000, 0x0000000710c00000|  0%| F|  |TAMS 0x0000000710a00000, 0x0000000710a00000| Untracked 
| 114|0x0000000710c00000, 0x0000000710c00000, 0x0000000710e00000|  0%| F|  |TAMS 0x0000000710c00000, 0x0000000710c00000| Untracked 
| 115|0x0000000710e00000, 0x0000000710e00000, 0x0000000711000000|  0%| F|  |TAMS 0x0000000710e00000, 0x0000000710e00000| Untracked 
| 116|0x0000000711000000, 0x0000000711000000, 0x0000000711200000|  0%| F|  |TAMS 0x0000000711000000, 0x0000000711000000| Untracked 
| 117|0x0000000711200000, 0x0000000711200000, 0x0000000711400000|  0%| F|  |TAMS 0x0000000711200000, 0x0000000711200000| Untracked 
| 118|0x0000000711400000, 0x0000000711400000, 0x0000000711600000|  0%| F|  |TAMS 0x0000000711400000, 0x0000000711400000| Untracked 
| 119|0x0000000711600000, 0x0000000711600000, 0x0000000711800000|  0%| F|  |TAMS 0x0000000711600000, 0x0000000711600000| Untracked 
| 120|0x0000000711800000, 0x0000000711800000, 0x0000000711a00000|  0%| F|  |TAMS 0x0000000711800000, 0x0000000711800000| Untracked 
| 121|0x0000000711a00000, 0x0000000711a00000, 0x0000000711c00000|  0%| F|  |TAMS 0x0000000711a00000, 0x0000000711a00000| Untracked 
| 122|0x0000000711c00000, 0x0000000711ce22b0, 0x0000000711e00000| 44%| E|  |TAMS 0x0000000711c00000, 0x0000000711c00000| Complete 
| 123|0x0000000711e00000, 0x0000000712000000, 0x0000000712000000|100%| E|CS|TAMS 0x0000000711e00000, 0x0000000711e00000| Complete 
| 124|0x0000000712000000, 0x0000000712200000, 0x0000000712200000|100%| E|CS|TAMS 0x0000000712000000, 0x0000000712000000| Complete 
| 125|0x0000000712200000, 0x0000000712400000, 0x0000000712400000|100%| E|CS|TAMS 0x0000000712200000, 0x0000000712200000| Complete 
| 126|0x0000000712400000, 0x0000000712600000, 0x0000000712600000|100%| E|CS|TAMS 0x0000000712400000, 0x0000000712400000| Complete 

Card table byte_map: [0x0000018d79460000,0x0000018d79c50000] _byte_map_base: 0x0000018d75c4c000

Marking Bits (Prev, Next): (CMBitMap*) 0x0000018d7111fce0, (CMBitMap*) 0x0000018d7111fd20
 Prev Bits: [0x0000018d7a440000, 0x0000018d7e3a0000)
 Next Bits: [0x0000018d0f000000, 0x0000018d12f60000)

Polling page: 0x0000018d6efc0000

Metaspace:

Usage:
  Non-class:      4.84 MB used.
      Class:    589.16 KB used.
       Both:      5.42 MB used.

Virtual space:
  Non-class space:        8.00 MB reserved,       4.94 MB ( 62%) committed,  1 nodes.
      Class space:        1.00 GB reserved,     704.00 KB ( <1%) committed,  1 nodes.
             Both:        1.01 GB reserved,       5.62 MB ( <1%) committed. 

Chunk freelists:
   Non-Class:  2.11 MB
       Class:  3.17 MB
        Both:  5.28 MB

MaxMetaspaceSize: unlimited
CompressedClassSpaceSize: 1.00 GB
Initial GC threshold: 21.00 MB
Current GC threshold: 21.00 MB
CDS: on
MetaspaceReclaimPolicy: balanced
 - commit_granule_bytes: 65536.
 - commit_granule_words: 8192.
 - virtual_space_node_default_size: 1048576.
 - enlarge_chunks_in_place: 1.
 - new_chunks_are_fully_committed: 0.
 - uncommit_free_chunks: 1.
 - use_allocation_guard: 0.
 - handle_deallocations: 1.


Internal statistics:

num_allocs_failed_limit: 0.
num_arena_births: 108.
num_arena_deaths: 0.
num_vsnodes_births: 2.
num_vsnodes_deaths: 0.
num_space_committed: 90.
num_space_uncommitted: 0.
num_chunks_returned_to_freelist: 0.
num_chunks_taken_from_freelist: 185.
num_chunk_merges: 0.
num_chunk_splits: 107.
num_chunks_enlarged: 49.
num_purges: 0.
num_inconsistent_stats: 0.

CodeHeap 'non-profiled nmethods': size=120000Kb used=222Kb max_used=222Kb free=119777Kb
 bounds [0x0000018d07ad0000, 0x0000018d07d40000, 0x0000018d0f000000]
CodeHeap 'profiled nmethods': size=120000Kb used=981Kb max_used=981Kb free=119018Kb
 bounds [0x0000018d00000000, 0x0000018d00270000, 0x0000018d07530000]
CodeHeap 'non-nmethods': size=5760Kb used=1215Kb max_used=1240Kb free=4544Kb
 bounds [0x0000018d07530000, 0x0000018d077a0000, 0x0000018d07ad0000]
 total_blobs=1199 nmethods=674 adapters=438
 compilation: enabled
              stopped_count=0, restarted_count=0
 full_count=0

Compilation events (20 events):
Event: 0.341 Thread 0x0000018d7ee11c70 nmethod 665 0x0000018d07b03090 code [0x0000018d07b03220, 0x0000018d07b03338]
Event: 0.341 Thread 0x0000018d7ee11c70  666       1       com.mysql.cj.conf.AbstractPropertyDefinition::setSinceVersion (6 bytes)
Event: 0.341 Thread 0x0000018d7ee11c70 nmethod 666 0x0000018d07b03390 code [0x0000018d07b03520, 0x0000018d07b03638]
Event: 0.341 Thread 0x0000018d7ee11c70  667       1       com.mysql.cj.conf.AbstractPropertyDefinition::setCategory (6 bytes)
Event: 0.341 Thread 0x0000018d7ee11c70 nmethod 667 0x0000018d07b03690 code [0x0000018d07b03820, 0x0000018d07b03938]
Event: 0.341 Thread 0x0000018d7ee11c70  668       1       com.mysql.cj.conf.AbstractPropertyDefinition::setOrder (6 bytes)
Event: 0.341 Thread 0x0000018d7ee11c70 nmethod 668 0x0000018d07b03990 code [0x0000018d07b03b20, 0x0000018d07b03bf8]
Event: 0.341 Thread 0x0000018d7ee11c70  670       3       java.util.WeakHashMap::maskNull (12 bytes)
Event: 0.341 Thread 0x0000018d7ee11c70 nmethod 670 0x0000018d000f4f10 code [0x0000018d000f50a0, 0x0000018d000f51d8]
Event: 0.341 Thread 0x0000018d7ee11c70  669       1       java.lang.NamedPackage::module (5 bytes)
Event: 0.342 Thread 0x0000018d7ee11c70 nmethod 669 0x0000018d07b03c90 code [0x0000018d07b03e20, 0x0000018d07b03ef8]
Event: 0.342 Thread 0x0000018d7ee11c70  671       1       java.net.URL::getAuthority (5 bytes)
Event: 0.342 Thread 0x0000018d7ee11c70 nmethod 671 0x0000018d07b03f90 code [0x0000018d07b04120, 0x0000018d07b041f8]
Event: 0.342 Thread 0x0000018d7ee11c70  672       1       java.net.URL::getPath (5 bytes)
Event: 0.342 Thread 0x0000018d7ee11c70 nmethod 672 0x0000018d07b04290 code [0x0000018d07b04420, 0x0000018d07b044f8]
Event: 0.342 Thread 0x0000018d7ee11c70  673       1       java.net.URL::getQuery (5 bytes)
Event: 0.342 Thread 0x0000018d7ee11c70 nmethod 673 0x0000018d07b04590 code [0x0000018d07b04720, 0x0000018d07b047f8]
Event: 0.342 Thread 0x0000018d7ee11c70  674       3       java.lang.Module::isNamed (13 bytes)
Event: 0.342 Thread 0x0000018d7ee11c70 nmethod 674 0x0000018d000f5290 code [0x0000018d000f5420, 0x0000018d000f5598]
Event: 0.343 Thread 0x0000018d7ee096a0 nmethod 656 0x0000018d07b04890 code [0x0000018d07b04a20, 0x0000018d07b04fc8]

GC Heap History (0 events):
No events

Deoptimization events (6 events):
Event: 0.055 Thread 0x0000018d710b3360 Uncommon trap: trap_request=0xffffff45 fr.pc=0x0000018d07ade9b0 relative=0x0000000000000850
Event: 0.055 Thread 0x0000018d710b3360 Uncommon trap: reason=unstable_if action=reinterpret pc=0x0000018d07ade9b0 method=java.util.HashMap.putVal(ILjava/lang/Object;Ljava/lang/Object;ZZ)Ljava/lang/Object; @ 81 c2
Event: 0.055 Thread 0x0000018d710b3360 DEOPT PACKING pc=0x0000018d07ade9b0 sp=0x00000020deafe800
Event: 0.055 Thread 0x0000018d710b3360 DEOPT UNPACKING pc=0x0000018d075823a3 sp=0x00000020deafe7a0 mode 2
Event: 0.316 Thread 0x0000018d710b3360 DEOPT PACKING pc=0x0000018d00011c67 sp=0x00000020deafc590
Event: 0.316 Thread 0x0000018d710b3360 DEOPT UNPACKING pc=0x0000018d07582b43 sp=0x00000020deafb9b0 mode 0

Classes unloaded (0 events):
No events

Classes redefined (0 events):
No events

Internal exceptions (17 events):
Event: 0.040 Thread 0x0000018d710b3360 Exception <a 'sun/nio/fs/WindowsException'{0x0000000712529798}> (0x0000000712529798) 
thrown [s\open\src\hotspot\share\prims\jni.cpp, line 516]
Event: 0.041 Thread 0x0000018d710b3360 Exception <a 'sun/nio/fs/WindowsException'{0x0000000712529e08}> (0x0000000712529e08) 
thrown [s\open\src\hotspot\share\prims\jni.cpp, line 516]
Event: 0.041 Thread 0x0000018d710b3360 Exception <a 'sun/nio/fs/WindowsException'{0x000000071252c7c8}> (0x000000071252c7c8) 
thrown [s\open\src\hotspot\share\prims\jni.cpp, line 516]
Event: 0.042 Thread 0x0000018d710b3360 Exception <a 'sun/nio/fs/WindowsException'{0x000000071252d4b8}> (0x000000071252d4b8) 
thrown [s\open\src\hotspot\share\prims\jni.cpp, line 516]
Event: 0.066 Thread 0x0000018d710b3360 Exception <a 'java/lang/ClassNotFoundException'{0x0000000712271800}: sun/awt/resources/spi/awtProvider> (0x0000000712271800) 
thrown [s\open\src\hotspot\share\classfile\systemDictionary.cpp, line 256]
Event: 0.080 Thread 0x0000018d710b3360 Exception <a 'java/io/FileNotFoundException'{0x00000007122c4a00}> (0x00000007122c4a00) 
thrown [s\open\src\hotspot\share\prims\jni.cpp, line 516]
Event: 0.085 Thread 0x0000018d710b3360 Exception <a 'java/io/FileNotFoundException'{0x00000007122f1bb8}> (0x00000007122f1bb8) 
thrown [s\open\src\hotspot\share\prims\jni.cpp, line 516]
Event: 0.107 Thread 0x0000018d710b3360 Exception <a 'java/lang/NoSuchMethodError'{0x0000000712335e18}: 'java.lang.Object java.lang.invoke.DirectMethodHandle$Holder.invokeStaticInit(java.lang.Object)'> (0x0000000712335e18) 
thrown [s\open\src\hotspot\share\interpreter\linkResolver.cpp, line 759]
Event: 0.259 Thread 0x0000018d710b3360 Exception <a 'java/lang/NoSuchMethodError'{0x00000007123f11e0}: 'void java.lang.invoke.DirectMethodHandle$Holder.invokeSpecial(java.lang.Object, java.lang.Object, java.lang.Object)'> (0x00000007123f11e0) 
thrown [s\open\src\hotspot\share\interpreter\linkResolver.cpp, line 759]
Event: 0.264 Thread 0x0000018d710b3360 Exception <a 'java/lang/NoSuchMethodError'{0x000000071201bc30}: 'java.lang.Object java.lang.invoke.DirectMethodHandle$Holder.newInvokeSpecial(java.lang.Object, java.lang.Object, java.lang.Object, java.lang.Object, java.lang.Object)'> (0x000000071201bc30) 
thrown [s\open\src\hotspot\share\interpreter\linkResolver.cpp, line 759]
Event: 0.265 Thread 0x0000018d710b3360 Exception <a 'java/lang/NoSuchMethodError'{0x00000007120275f8}: 'java.lang.Object java.lang.invoke.DirectMethodHandle$Holder.invokeStatic(java.lang.Object, int, java.lang.Object, java.lang.Object, java.lang.Object, java.lang.Object)'> (0x00000007120275f8) 
thrown [s\open\src\hotspot\share\interpreter\linkResolver.cpp, line 759]
Event: 0.267 Thread 0x0000018d710b3360 Exception <a 'java/lang/NoSuchMethodError'{0x000000071204cdb8}: 'java.lang.Object java.lang.invoke.DirectMethodHandle$Holder.invokeStatic(java.lang.Object, int, java.lang.Object)'> (0x000000071204cdb8) 
thrown [s\open\src\hotspot\share\interpreter\linkResolver.cpp, line 759]
Event: 0.281 Thread 0x0000018d710b3360 Exception <a 'java/lang/ClassNotFoundException'{0x0000000712104b20}: com/sun/swing/internal/plaf/metal/resources/spi/metalProvider> (0x0000000712104b20) 
thrown [s\open\src\hotspot\share\classfile\systemDictionary.cpp, line 256]
Event: 0.281 Thread 0x0000018d710b3360 Exception <a 'java/lang/ClassNotFoundException'{0x00000007121089c8}: com/sun/swing/internal/plaf/basic/resources/spi/basicProvider> (0x00000007121089c8) 
thrown [s\open\src\hotspot\share\classfile\systemDictionary.cpp, line 256]
Event: 0.306 Thread 0x0000018d710b3360 Exception <a 'java/lang/NoSuchMethodError'{0x0000000711e63938}: 'java.lang.Object java.lang.invoke.DirectMethodHandle$Holder.invokeInterface(java.lang.Object, java.lang.Object)'> (0x0000000711e63938) 
thrown [s\open\src\hotspot\share\interpreter\linkResolver.cpp, line 759]
Event: 0.320 Thread 0x0000018d710b3360 Exception <a 'java/lang/NoSuchMethodError'{0x0000000711ee4750}: 'void java.lang.invoke.DirectMethodHandle$Holder.invokeStatic(java.lang.Object, java.lang.Object, java.lang.Object)'> (0x0000000711ee4750) 
thrown [s\open\src\hotspot\share\interpreter\linkResolver.cpp, line 759]
Event: 0.320 Thread 0x0000018d710b3360 Exception <a 'java/lang/NoSuchMethodError'{0x0000000711eee620}: 'java.lang.Object java.lang.invoke.DirectMethodHandle$Holder.invokeVirtual(java.lang.Object, java.lang.Object, java.lang.Object)'> (0x0000000711eee620) 
thrown [s\open\src\hotspot\share\interpreter\linkResolver.cpp, line 759]

VM Operations (4 events):
Event: 0.042 Executing VM operation: HandshakeAllThreads
Event: 0.042 Executing VM operation: HandshakeAllThreads done
Event: 0.291 Executing VM operation: HandshakeAllThreads
Event: 0.291 Executing VM operation: HandshakeAllThreads done

Events (20 events):
Event: 0.318 loading class jdk/internal/math/FDBigInteger
Event: 0.318 loading class jdk/internal/math/FDBigInteger done
Event: 0.318 loading class java/math/MathContext
Event: 0.319 loading class java/math/MathContext done
Event: 0.319 loading class java/util/Collections$UnmodifiableMap$UnmodifiableEntrySet
Event: 0.319 loading class java/util/Collections$UnmodifiableMap$UnmodifiableEntrySet done
Event: 0.319 loading class java/util/Collections$UnmodifiableMap$UnmodifiableEntrySet$UnmodifiableEntrySetSpliterator
Event: 0.319 loading class java/util/Collections$UnmodifiableMap$UnmodifiableEntrySet$UnmodifiableEntrySetSpliterator done
Event: 0.319 loading class java/util/HashMap$EntrySpliterator
Event: 0.319 loading class java/util/HashMap$EntrySpliterator done
Event: 0.319 loading class java/lang/invoke/DirectMethodHandle$Special
Event: 0.319 loading class java/lang/invoke/DirectMethodHandle$Special done
Event: 0.321 loading class java/lang/invoke/MethodHandle$1
Event: 0.321 loading class java/lang/invoke/MethodHandle$1 done
Event: 0.321 loading class java/lang/NoSuchFieldError
Event: 0.322 loading class java/lang/NoSuchFieldError done
Event: 0.331 loading class java/lang/reflect/InvocationHandler
Event: 0.331 loading class java/lang/reflect/InvocationHandler done
Event: 0.341 loading class java/text/MessageFormat$Field
Event: 0.341 loading class java/text/MessageFormat$Field done


Dynamic libraries:
0x00007ff6c2980000 - 0x00007ff6c2990000 	C:\Program Files\Java\jdk-17\bin\java.exe
0x00007ffb464b0000 - 0x00007ffb466a8000 	C:\WINDOWS\SYSTEM32\ntdll.dll
0x00007ffb44ee0000 - 0x00007ffb44f9d000 	C:\WINDOWS\System32\KERNEL32.DLL
0x00007ffb44000000 - 0x00007ffb442f6000 	C:\WINDOWS\System32\KERNELBASE.dll
0x00007ffb44300000 - 0x00007ffb44400000 	C:\WINDOWS\System32\ucrtbase.dll
0x00007ffb40c70000 - 0x00007ffb40c8b000 	C:\Program Files\Java\jdk-17\bin\VCRUNTIME140.dll
0x00007ffb36e20000 - 0x00007ffb36e38000 	C:\Program Files\Java\jdk-17\bin\jli.dll
0x00007ffb45ab0000 - 0x00007ffb45b63000 	C:\WINDOWS\System32\ADVAPI32.dll
0x00007ffb44e40000 - 0x00007ffb44ede000 	C:\WINDOWS\System32\msvcrt.dll
0x00007ffb44da0000 - 0x00007ffb44e3f000 	C:\WINDOWS\System32\sechost.dll
0x00007ffb45b70000 - 0x00007ffb45c96000 	C:\WINDOWS\System32\RPCRT4.dll
0x00007ffb43b80000 - 0x00007ffb43ba7000 	C:\WINDOWS\System32\bcrypt.dll
0x00007ffb44810000 - 0x00007ffb449ae000 	C:\WINDOWS\System32\USER32.dll
0x00007ffb2e840000 - 0x00007ffb2eada000 	C:\WINDOWS\WinSxS\amd64_microsoft.windows.common-controls_6595b64144ccf1df_6.0.19041.3636_none_60b6a03d71f818d5\COMCTL32.dll
0x00007ffb43db0000 - 0x00007ffb43dd2000 	C:\WINDOWS\System32\win32u.dll
0x00007ffb44b60000 - 0x00007ffb44b8c000 	C:\WINDOWS\System32\GDI32.dll
0x00007ffb43e70000 - 0x00007ffb43f8a000 	C:\WINDOWS\System32\gdi32full.dll
0x00007ffb43bb0000 - 0x00007ffb43c4d000 	C:\WINDOWS\System32\msvcp_win.dll
0x00007ffb3d4c0000 - 0x00007ffb3d4ca000 	C:\WINDOWS\SYSTEM32\VERSION.dll
0x00007ffb44750000 - 0x00007ffb44780000 	C:\WINDOWS\System32\IMM32.DLL
0x00007ffb3d760000 - 0x00007ffb3d76c000 	C:\Program Files\Java\jdk-17\bin\vcruntime140_1.dll
0x00007ffb351d0000 - 0x00007ffb3525e000 	C:\Program Files\Java\jdk-17\bin\msvcp140.dll
0x00007ffab5ac0000 - 0x00007ffab6697000 	C:\Program Files\Java\jdk-17\bin\server\jvm.dll
0x00007ffb45770000 - 0x00007ffb45778000 	C:\WINDOWS\System32\PSAPI.DLL
0x00007ffb35f00000 - 0x00007ffb35f27000 	C:\WINDOWS\SYSTEM32\WINMM.dll
0x00007ffb40f70000 - 0x00007ffb40f79000 	C:\WINDOWS\SYSTEM32\WSOCK32.dll
0x00007ffb45a40000 - 0x00007ffb45aab000 	C:\WINDOWS\System32\WS2_32.dll
0x00007ffb423c0000 - 0x00007ffb423d2000 	C:\WINDOWS\SYSTEM32\kernel.appcore.dll
0x00007ffb3c790000 - 0x00007ffb3c79a000 	C:\Program Files\Java\jdk-17\bin\jimage.dll
0x00007ffb417e0000 - 0x00007ffb419c4000 	C:\WINDOWS\SYSTEM32\DBGHELP.DLL
0x00007ffb29c70000 - 0x00007ffb29ca4000 	C:\WINDOWS\SYSTEM32\dbgcore.DLL
0x00007ffb43de0000 - 0x00007ffb43e62000 	C:\WINDOWS\System32\bcryptPrimitives.dll
0x00007ffb35490000 - 0x00007ffb354b5000 	C:\Program Files\Java\jdk-17\bin\java.dll
0x00007ffb072c0000 - 0x00007ffb07397000 	C:\Program Files\Java\jdk-17\bin\jsvml.dll
0x00007ffb45d20000 - 0x00007ffb46465000 	C:\WINDOWS\System32\SHELL32.dll
0x00007ffb41c10000 - 0x00007ffb423ab000 	C:\WINDOWS\SYSTEM32\windows.storage.dll
0x00007ffb44fa0000 - 0x00007ffb452f4000 	C:\WINDOWS\System32\combase.dll
0x00007ffb435b0000 - 0x00007ffb435dd000 	C:\WINDOWS\SYSTEM32\Wldp.dll
0x00007ffb44620000 - 0x00007ffb446cd000 	C:\WINDOWS\System32\SHCORE.dll
0x00007ffb449c0000 - 0x00007ffb44a15000 	C:\WINDOWS\System32\shlwapi.dll
0x00007ffb43ab0000 - 0x00007ffb43ad5000 	C:\WINDOWS\SYSTEM32\profapi.dll
0x00007ffb3c670000 - 0x00007ffb3c689000 	C:\Program Files\Java\jdk-17\bin\net.dll
0x00007ffb3b650000 - 0x00007ffb3b75a000 	C:\WINDOWS\SYSTEM32\WINHTTP.dll
0x00007ffb43310000 - 0x00007ffb4337a000 	C:\WINDOWS\system32\mswsock.dll
0x00007ffb38450000 - 0x00007ffb38466000 	C:\Program Files\Java\jdk-17\bin\nio.dll
0x00007ffb35400000 - 0x00007ffb35418000 	C:\Program Files\Java\jdk-17\bin\zip.dll
0x00007ffad32c0000 - 0x00007ffad3451000 	C:\Program Files\Java\jdk-17\bin\awt.dll
0x00007ffb45830000 - 0x00007ffb458fd000 	C:\WINDOWS\System32\OLEAUT32.dll
0x00007ffb40fe0000 - 0x00007ffb41070000 	C:\WINDOWS\SYSTEM32\apphelp.dll
0x00007ffb41580000 - 0x00007ffb415af000 	C:\WINDOWS\system32\DWMAPI.DLL
0x00007ffb41120000 - 0x00007ffb411be000 	C:\WINDOWS\system32\uxtheme.dll
0x00007ffb1bff0000 - 0x00007ffb1c115000 	C:\WINDOWS\system32\opengl32.dll
0x00007ffb3c970000 - 0x00007ffb3c99c000 	C:\WINDOWS\SYSTEM32\GLU32.dll
0x00007ffb44500000 - 0x00007ffb44614000 	C:\WINDOWS\System32\MSCTF.dll
0x00007ffb45910000 - 0x00007ffb45a3b000 	C:\WINDOWS\System32\ole32.dll
0x00007ffb177e0000 - 0x00007ffb179ad000 	C:\WINDOWS\system32\d3d9.dll
0x00007ffb152e0000 - 0x00007ffb15444000 	C:\WINDOWS\System32\DriverStore\FileRepository\iigd_dch.inf_amd64_2ce3ffa204f4b311\igdumdim64.dll
0x00007ffae8360000 - 0x00007ffaec33a000 	C:\WINDOWS\System32\DriverStore\FileRepository\iigd_dch.inf_amd64_2ce3ffa204f4b311\igd9dxva64.dll
0x00007ffb44400000 - 0x00007ffb4444e000 	C:\WINDOWS\System32\CFGMGR32.dll
0x00007ffb35600000 - 0x00007ffb357a4000 	C:\WINDOWS\System32\DriverStore\FileRepository\iigd_dch.inf_amd64_2ce3ffa204f4b311\igdgmm64.dll
0x00007ffb3cb00000 - 0x00007ffb3cbbc000 	C:\WINDOWS\System32\DriverStore\FileRepository\nvamig.inf_amd64_99c8019dbacde1b2\nvldumdx.dll
0x00007ffb43740000 - 0x00007ffb43752000 	C:\WINDOWS\SYSTEM32\msasn1.dll
0x00007ffb3b1c0000 - 0x00007ffb3b1f1000 	C:\WINDOWS\SYSTEM32\cryptnet.dll
0x00007ffb43c50000 - 0x00007ffb43dad000 	C:\WINDOWS\System32\CRYPT32.dll
0x00007ffb3aeb0000 - 0x00007ffb3aff8000 	C:\WINDOWS\SYSTEM32\drvstore.dll
0x00007ffb43930000 - 0x00007ffb43963000 	C:\WINDOWS\SYSTEM32\devobj.dll
0x00007ffb43520000 - 0x00007ffb4352c000 	C:\WINDOWS\SYSTEM32\cryptbase.dll
0x00007ffb43f90000 - 0x00007ffb43ff7000 	C:\WINDOWS\System32\wintrust.dll
0x00007ffb446d0000 - 0x00007ffb446ed000 	C:\WINDOWS\System32\imagehlp.dll
0x00007ffb43500000 - 0x00007ffb43518000 	C:\WINDOWS\SYSTEM32\CRYPTSP.dll
0x00007ffb42bd0000 - 0x00007ffb42c04000 	C:\WINDOWS\system32\rsaenh.dll
0x00007ffb17d80000 - 0x00007ffb19f6e000 	C:\WINDOWS\System32\DriverStore\FileRepository\nvamig.inf_amd64_99c8019dbacde1b2\nvgpucomp64.dll
0x00007ffaf6140000 - 0x00007ffaf8b05000 	C:\WINDOWS\System32\DriverStore\FileRepository\nvamig.inf_amd64_99c8019dbacde1b2\nvd3dumx.dll
0x00007ffb101f0000 - 0x00007ffb104c1000 	C:\WINDOWS\system32\nvspcap64.dll
0x00007ffb42cf0000 - 0x00007ffb42d23000 	C:\WINDOWS\SYSTEM32\ntmarta.dll
0x00007ffb423e0000 - 0x00007ffb42403000 	C:\WINDOWS\SYSTEM32\gpapi.dll
0x00007ffb38950000 - 0x00007ffb3898b000 	C:\WINDOWS\SYSTEM32\dxcore.dll

dbghelp: loaded successfully - version: 4.0.5 - missing functions: none
symbol engine: initialized successfully - sym options: 0x614 - pdb path: .;C:\Program Files\Java\jdk-17\bin;C:\WINDOWS\SYSTEM32;C:\WINDOWS\WinSxS\amd64_microsoft.windows.common-controls_6595b64144ccf1df_6.0.19041.3636_none_60b6a03d71f818d5;C:\Program Files\Java\jdk-17\bin\server;C:\WINDOWS\System32\DriverStore\FileRepository\iigd_dch.inf_amd64_2ce3ffa204f4b311;C:\WINDOWS\System32\DriverStore\FileRepository\nvamig.inf_amd64_99c8019dbacde1b2

VM Arguments:
jvm_args: -Dfile.encoding=UTF-8 --module-path=C:\Users\Ionut\OneDrive\Desktop\Programare\Proiecte-ISP\Projects-Ionut-Nicoara\Employee Management System\build\classes 
java_command: employee.management.system.RemoveEmployee
java_class_path (initial): C:\Users\Ionut\Downloads\mysql-connector-java-8.0.28.jar;C:\Users\Ionut\Downloads\jcalendar-tz-1.3.3-4.jar;C:\Users\Ionut\Downloads\rs2xml.jar;C:\Users\Ionut\OneDrive\Desktop\Programare\Proiecte-ISP\Projects-Ionut-Nicoara\Employee Management System\build\classes
Launcher Type: SUN_STANDARD

[Global flags]
     intx CICompilerCount                          = 4                                         {product} {ergonomic}
     uint ConcGCThreads                            = 2                                         {product} {ergonomic}
     uint G1ConcRefinementThreads                  = 8                                         {product} {ergonomic}
   size_t G1HeapRegionSize                         = 2097152                                   {product} {ergonomic}
    uintx GCDrainStackTargetSize                   = 64                                        {product} {ergonomic}
   size_t InitialHeapSize                          = 266338304                                 {product} {ergonomic}
   size_t MarkStackSize                            = 4194304                                   {product} {ergonomic}
   size_t MaxHeapSize                              = 4253024256                                {product} {ergonomic}
   size_t MaxNewSize                               = 2550136832                                {product} {ergonomic}
   size_t MinHeapDeltaBytes                        = 2097152                                   {product} {ergonomic}
   size_t MinHeapSize                              = 8388608                                   {product} {ergonomic}
    uintx NonNMethodCodeHeapSize                   = 5839372                                {pd product} {ergonomic}
    uintx NonProfiledCodeHeapSize                  = 122909434                              {pd product} {ergonomic}
    uintx ProfiledCodeHeapSize                     = 122909434                              {pd product} {ergonomic}
    uintx ReservedCodeCacheSize                    = 251658240                              {pd product} {ergonomic}
     bool SegmentedCodeCache                       = true                                      {product} {ergonomic}
   size_t SoftMaxHeapSize                          = 4253024256                             {manageable} {ergonomic}
     bool UseCompressedClassPointers               = true                           {product lp64_product} {ergonomic}
     bool UseCompressedOops                        = true                           {product lp64_product} {ergonomic}
     bool UseG1GC                                  = true                                      {product} {ergonomic}
     bool UseLargePagesIndividualAllocation        = false                                  {pd product} {ergonomic}

Logging:
Log output configuration:
 #0: stdout all=warning uptime,level,tags
 #1: stderr all=off uptime,level,tags

Environment Variables:
PATH=C:\Program Files\Common Files\Oracle\Java\javapath;C:\ProgramData\Oracle\Java\javapath;C:\WINDOWS\system32;C:\WINDOWS;C:\WINDOWS\System32\Wbem;C:\WINDOWS\System32\WindowsPowerShell\v1.0\;C:\WINDOWS\System32\OpenSSH\;C:\Program Files\dotnet\;C:\Program Files (x86)\dotnet\;D:\bin;C:\Program Files\Git\cmd;C:\Program Files\Azure Data Studio\bin;C:\Program Files (x86)\NVIDIA Corporation\PhysX\Common;C:\Program Files\NVIDIA Corporation\NVIDIA NvDLISR;C:\Program Files\MySQL\MySQL Shell 8.0\bin\;C:\Users\Ionut\AppData\Local\Microsoft\WindowsApps;;C:\Program Files\Azure Data Studio\bin
USERNAME=Ionut
OS=Windows_NT
PROCESSOR_IDENTIFIER=Intel64 Family 6 Model 165 Stepping 2, GenuineIntel



---------------  S Y S T E M  ---------------

OS:
 Windows 10 , 64 bit Build 19041 (10.0.19041.3636)
OS uptime: 6 days 2:51 hours

CPU: total 8 (initial active 8) (4 cores per cpu, 2 threads per core) family 6 model 165 stepping 2 microcode 0xc8, cx8, cmov, fxsr, ht, mmx, 3dnowpref, sse, sse2, sse3, ssse3, sse4.1, sse4.2, popcnt, lzcnt, tsc, tscinvbit, avx, avx2, aes, erms, clmul, bmi1, bmi2, adx, fma, vzeroupper, clflush, clflushopt

Memory: 4k page, system-wide physical 16221M (6903M free)
TotalPageFile size 25815M (AvailPageFile size 3M)
current process WorkingSet (physical memory assigned to process): 73M, peak: 73M
current process commit charge ("private bytes"): 379M, peak: 379M

vm_info: Java HotSpot(TM) 64-Bit Server VM (17.0.6+9-LTS-190) for windows-amd64 JRE (17.0.6+9-LTS-190), built on Dec  6 2022 15:53:54 by "mach5one" with MS VC++ 17.1 (VS2022)

END.
