#
# There is insufficient memory for the Java Runtime Environment to continue.
# Native memory allocation (mmap) failed to map 266338304 bytes for G1 virtual space
# Possible reasons:
#   The system is out of physical RAM or swap space
#   The process is running with CompressedOops enabled, and the Java Heap may be blocking the growth of the native heap
# Possible solutions:
#   Reduce memory load on the system
#   Increase physical memory or swap space
#   Check if swap backing store is full
#   Decrease Java heap size (-Xmx/-Xms)
#   Decrease number of Java threads
#   Decrease Java thread stack sizes (-Xss)
#   Set larger code cache with -XX:ReservedCodeCacheSize=
#   JVM is running with Zero Based Compressed Oops mode in which the Java heap is
#     placed in the first 32GB address space. The Java Heap base address is the
#     maximum limit for the native heap growth. Please use -XX:HeapBaseMinAddress
#     to set the Java Heap base and to place the Java Heap above 32GB virtual address.
# This output file may be truncated or incomplete.
#
#  Out of Memory Error (os_windows.cpp:3550), pid=12772, tid=3632
#
# JRE version:  (17.0.6+9) (build )
# Java VM: Java HotSpot(TM) 64-Bit Server VM (17.0.6+9-LTS-190, mixed mode, sharing, tiered, compressed oops, compressed class ptrs, g1 gc, windows-amd64)
# No core dump will be written. Minidumps are not enabled by default on client versions of Windows
#

---------------  S U M M A R Y ------------

Command Line: -Dfile.encoding=UTF-8 --module-path=C:\Users\Ionut\OneDrive\Desktop\Programare\Proiecte-ISP\Projects-Ionut-Nicoara\Employee Management System\build\classes employee.management.system.RemoveEmployee

Host: Intel(R) Core(TM) i5-10300H CPU @ 2.50GHz, 8 cores, 15G,  Windows 10 , 64 bit Build 19041 (10.0.19041.3636)
Time: Tue Feb 13 17:32:45 2024 GTB, ors 10 , 64 bit Build 19041 (10.0.19041.3636) elapsed time: 0.006419 seconds (0d 0h 0m 0s)

---------------  T H R E A D  ---------------

Current thread (0x000001eac4431660):  JavaThread "Unknown thread" [_thread_in_vm, id=3632, stack(0x000000c0ae900000,0x000000c0aea00000)]

Stack: [0x000000c0ae900000,0x000000c0aea00000]
Native frames: (J=compiled Java code, j=interpreted, Vv=VM code, C=native code)
V  [jvm.dll+0x6734ea]
V  [jvm.dll+0x7d18f4]
V  [jvm.dll+0x7d309e]
V  [jvm.dll+0x7d3703]
V  [jvm.dll+0x2433c5]
V  [jvm.dll+0x6703f9]
V  [jvm.dll+0x664d32]
V  [jvm.dll+0x300086]
V  [jvm.dll+0x307606]
V  [jvm.dll+0x356c1e]
V  [jvm.dll+0x356e4f]
V  [jvm.dll+0x2d72e8]
V  [jvm.dll+0x2d8254]
V  [jvm.dll+0x7a33b1]
V  [jvm.dll+0x3647f1]
V  [jvm.dll+0x782839]
V  [jvm.dll+0x3e757f]
V  [jvm.dll+0x3e9001]
C  [jli.dll+0x5297]
C  [ucrtbase.dll+0x21bb2]
C  [KERNEL32.DLL+0x17344]
C  [ntdll.dll+0x526b1]


---------------  P R O C E S S  ---------------

Threads class SMR info:
_java_thread_list=0x00007ffab656e958, length=0, elements={
}

Java Threads: ( => current thread )

Other Threads:
  0x000001eac449db00 GCTaskThread "GC Thread#0" [stack: 0x000000c0aea00000,0x000000c0aeb00000] [id=21364]
  0x000001eac44af6e0 ConcurrentGCThread "G1 Main Marker" [stack: 0x000000c0aeb00000,0x000000c0aec00000] [id=22348]
  0x000001eac44b07a0 ConcurrentGCThread "G1 Conc#0" [stack: 0x000000c0aec00000,0x000000c0aed00000] [id=17792]

[error occurred during error reporting (printing all threads), id 0xc0000005, EXCEPTION_ACCESS_VIOLATION (0xc0000005) at pc=0x00007ffab5da7f07]

VM state: not at safepoint (not fully initialized)

VM Mutex/Monitor currently owned by a thread:  ([mutex/lock_event])
[0x000001eac442ca20] Heap_lock - owner thread: 0x000001eac4431660

Heap address: 0x0000000702800000, size: 4056 MB, Compressed Oops mode: Zero based, Oop shift amount: 3

CDS archive(s) mapped at: [0x0000000000000000-0x0000000000000000-0x0000000000000000), size 0, SharedBaseAddress: 0x0000000800000000, ArchiveRelocationMode: 0.
Narrow klass base: 0x0000000000000000, Narrow klass shift: 0, Narrow klass range: 0x0

GC Precious Log:
<Empty>

Heap:
 garbage-first heap   total 0K, used 0K [0x0000000702800000, 0x0000000800000000)
  region size 2048K, 0 young (0K), 0 survivors (0K)

[error occurred during error reporting (printing heap information), id 0xc0000005, EXCEPTION_ACCESS_VIOLATION (0xc0000005) at pc=0x00007ffab618c759]

GC Heap History (0 events):
No events

Deoptimization events (0 events):
No events

Classes unloaded (0 events):
No events

Classes redefined (0 events):
No events

Internal exceptions (0 events):
No events

VM Operations (0 events):
No events

Events (1 events):
Event: 0.004 Loaded shared library C:\Program Files\Java\jdk-17\bin\java.dll


Dynamic libraries:
0x00007ff6c2980000 - 0x00007ff6c2990000 	C:\Program Files\Java\jdk-17\bin\java.exe
0x00007ffb464b0000 - 0x00007ffb466a8000 	C:\WINDOWS\SYSTEM32\ntdll.dll
0x00007ffb44ee0000 - 0x00007ffb44f9d000 	C:\WINDOWS\System32\KERNEL32.DLL
0x00007ffb44000000 - 0x00007ffb442f6000 	C:\WINDOWS\System32\KERNELBASE.dll
0x00007ffb44300000 - 0x00007ffb44400000 	C:\WINDOWS\System32\ucrtbase.dll
0x00007ffb40c70000 - 0x00007ffb40c8b000 	C:\Program Files\Java\jdk-17\bin\VCRUNTIME140.dll
0x00007ffb36e20000 - 0x00007ffb36e38000 	C:\Program Files\Java\jdk-17\bin\jli.dll
0x00007ffb45ab0000 - 0x00007ffb45b63000 	C:\WINDOWS\System32\ADVAPI32.dll
0x00007ffb44e40000 - 0x00007ffb44ede000 	C:\WINDOWS\System32\msvcrt.dll
0x00007ffb44da0000 - 0x00007ffb44e3f000 	C:\WINDOWS\System32\sechost.dll
0x00007ffb45b70000 - 0x00007ffb45c96000 	C:\WINDOWS\System32\RPCRT4.dll
0x00007ffb43b80000 - 0x00007ffb43ba7000 	C:\WINDOWS\System32\bcrypt.dll
0x00007ffb44810000 - 0x00007ffb449ae000 	C:\WINDOWS\System32\USER32.dll
0x00007ffb2e840000 - 0x00007ffb2eada000 	C:\WINDOWS\WinSxS\amd64_microsoft.windows.common-controls_6595b64144ccf1df_6.0.19041.3636_none_60b6a03d71f818d5\COMCTL32.dll
0x00007ffb43db0000 - 0x00007ffb43dd2000 	C:\WINDOWS\System32\win32u.dll
0x00007ffb44b60000 - 0x00007ffb44b8c000 	C:\WINDOWS\System32\GDI32.dll
0x00007ffb43e70000 - 0x00007ffb43f8a000 	C:\WINDOWS\System32\gdi32full.dll
0x00007ffb43bb0000 - 0x00007ffb43c4d000 	C:\WINDOWS\System32\msvcp_win.dll
0x00007ffb3d4c0000 - 0x00007ffb3d4ca000 	C:\WINDOWS\SYSTEM32\VERSION.dll
0x00007ffb44750000 - 0x00007ffb44780000 	C:\WINDOWS\System32\IMM32.DLL
0x00007ffb3d760000 - 0x00007ffb3d76c000 	C:\Program Files\Java\jdk-17\bin\vcruntime140_1.dll
0x00007ffb351d0000 - 0x00007ffb3525e000 	C:\Program Files\Java\jdk-17\bin\msvcp140.dll
0x00007ffab5ac0000 - 0x00007ffab6697000 	C:\Program Files\Java\jdk-17\bin\server\jvm.dll
0x00007ffb45770000 - 0x00007ffb45778000 	C:\WINDOWS\System32\PSAPI.DLL
0x00007ffb40f70000 - 0x00007ffb40f79000 	C:\WINDOWS\SYSTEM32\WSOCK32.dll
0x00007ffb35f00000 - 0x00007ffb35f27000 	C:\WINDOWS\SYSTEM32\WINMM.dll
0x00007ffb45a40000 - 0x00007ffb45aab000 	C:\WINDOWS\System32\WS2_32.dll
0x00007ffb423c0000 - 0x00007ffb423d2000 	C:\WINDOWS\SYSTEM32\kernel.appcore.dll
0x00007ffb3c790000 - 0x00007ffb3c79a000 	C:\Program Files\Java\jdk-17\bin\jimage.dll
0x00007ffb417e0000 - 0x00007ffb419c4000 	C:\WINDOWS\SYSTEM32\DBGHELP.DLL
0x00007ffb29c70000 - 0x00007ffb29ca4000 	C:\WINDOWS\SYSTEM32\dbgcore.DLL
0x00007ffb43de0000 - 0x00007ffb43e62000 	C:\WINDOWS\System32\bcryptPrimitives.dll
0x00007ffb35490000 - 0x00007ffb354b5000 	C:\Program Files\Java\jdk-17\bin\java.dll

dbghelp: loaded successfully - version: 4.0.5 - missing functions: none
symbol engine: initialized successfully - sym options: 0x614 - pdb path: .;C:\Program Files\Java\jdk-17\bin;C:\WINDOWS\SYSTEM32;C:\WINDOWS\WinSxS\amd64_microsoft.windows.common-controls_6595b64144ccf1df_6.0.19041.3636_none_60b6a03d71f818d5;C:\Program Files\Java\jdk-17\bin\server

VM Arguments:
jvm_args: -Dfile.encoding=UTF-8 --module-path=C:\Users\Ionut\OneDrive\Desktop\Programare\Proiecte-ISP\Projects-Ionut-Nicoara\Employee Management System\build\classes 
java_command: employee.management.system.RemoveEmployee
java_class_path (initial): C:\Users\Ionut\Downloads\mysql-connector-java-8.0.28.jar;C:\Users\Ionut\Downloads\jcalendar-tz-1.3.3-4.jar;C:\Users\Ionut\Downloads\rs2xml.jar;C:\Users\Ionut\OneDrive\Desktop\Programare\Proiecte-ISP\Projects-Ionut-Nicoara\Employee Management System\build\classes
Launcher Type: SUN_STANDARD

[Global flags]
     intx CICompilerCount                          = 4                                         {product} {ergonomic}
     uint ConcGCThreads                            = 2                                         {product} {ergonomic}
     uint G1ConcRefinementThreads                  = 8                                         {product} {ergonomic}
   size_t G1HeapRegionSize                         = 2097152                                   {product} {ergonomic}
    uintx GCDrainStackTargetSize                   = 64                                        {product} {ergonomic}
   size_t InitialHeapSize                          = 266338304                                 {product} {ergonomic}
   size_t MarkStackSize                            = 4194304                                   {product} {ergonomic}
   size_t MaxHeapSize                              = 4253024256                                {product} {ergonomic}
   size_t MinHeapDeltaBytes                        = 2097152                                   {product} {ergonomic}
   size_t MinHeapSize                              = 8388608                                   {product} {ergonomic}
    uintx NonNMethodCodeHeapSize                   = 5839372                                {pd product} {ergonomic}
    uintx NonProfiledCodeHeapSize                  = 122909434                              {pd product} {ergonomic}
    uintx ProfiledCodeHeapSize                     = 122909434                              {pd product} {ergonomic}
    uintx ReservedCodeCacheSize                    = 251658240                              {pd product} {ergonomic}
     bool SegmentedCodeCache                       = true                                      {product} {ergonomic}
   size_t SoftMaxHeapSize                          = 4253024256                             {manageable} {ergonomic}
     bool UseCompressedClassPointers               = true                           {product lp64_product} {ergonomic}
     bool UseCompressedOops                        = true                           {product lp64_product} {ergonomic}
     bool UseG1GC                                  = true                                      {product} {ergonomic}
     bool UseLargePagesIndividualAllocation        = false                                  {pd product} {ergonomic}

Logging:
Log output configuration:
 #0: stdout all=warning uptime,level,tags
 #1: stderr all=off uptime,level,tags

Environment Variables:
PATH=C:\Program Files\Common Files\Oracle\Java\javapath;C:\ProgramData\Oracle\Java\javapath;C:\WINDOWS\system32;C:\WINDOWS;C:\WINDOWS\System32\Wbem;C:\WINDOWS\System32\WindowsPowerShell\v1.0\;C:\WINDOWS\System32\OpenSSH\;C:\Program Files\dotnet\;C:\Program Files (x86)\dotnet\;D:\bin;C:\Program Files\Git\cmd;C:\Program Files\Azure Data Studio\bin;C:\Program Files (x86)\NVIDIA Corporation\PhysX\Common;C:\Program Files\NVIDIA Corporation\NVIDIA NvDLISR;C:\Program Files\MySQL\MySQL Shell 8.0\bin\;C:\Users\Ionut\AppData\Local\Microsoft\WindowsApps;;C:\Program Files\Azure Data Studio\bin
USERNAME=Ionut
OS=Windows_NT
PROCESSOR_IDENTIFIER=Intel64 Family 6 Model 165 Stepping 2, GenuineIntel



---------------  S Y S T E M  ---------------

OS:
 Windows 10 , 64 bit Build 19041 (10.0.19041.3636)
OS uptime: 6 days 2:52 hours

CPU: total 8 (initial active 8) (4 cores per cpu, 2 threads per core) family 6 model 165 stepping 2 microcode 0xc8, cx8, cmov, fxsr, ht, mmx, 3dnowpref, sse, sse2, sse3, ssse3, sse4.1, sse4.2, popcnt, lzcnt, tsc, tscinvbit, avx, avx2, aes, erms, clmul, bmi1, bmi2, adx, fma, vzeroupper, clflush, clflushopt

Memory: 4k page, system-wide physical 16221M (6821M free)
TotalPageFile size 25815M (AvailPageFile size 205M)
current process WorkingSet (physical memory assigned to process): 10M, peak: 10M
current process commit charge ("private bytes"): 60M, peak: 314M

vm_info: Java HotSpot(TM) 64-Bit Server VM (17.0.6+9-LTS-190) for windows-amd64 JRE (17.0.6+9-LTS-190), built on Dec  6 2022 15:53:54 by "mach5one" with MS VC++ 17.1 (VS2022)

END.
